<?xml version="1.0" encoding="UTF-8"?>
<!-- Generated by org.testng.reporters.JUnitXMLReporter -->
<testsuite ignored="0" hostname="vikash" failures="0" tests="24" name="OrderedTest" time="538.027" errors="0" timestamp="2025-08-05T12:33:38 IST">
  <testcase classname="day1.PriceUtilityTest" name="login" time="2.457"/>
  <testcase classname="day1.PriceUtilityTest" name="selectProject" time="30.498"/>
  <testcase classname="day1.PriceUtilityTest" name="closePopup" time="1.841"/>
  <testcase classname="day1.PriceUtilityTest" name="price" time="0.063"/>
  <testcase classname="day1.PriceUtilityTest" name="campCreationUtilityTest" time="29.965"/>
  <testcase classname="day1.PriceUtilityTest" name="clickOnDashBoard" time="0.218"/>
  <testcase classname="day1.PriceUtilityTest" name="priceAfterCamp" time="39.217"/>
  <testcase classname="day1.PriceUtilityTest" name="marketingCharges" time="14.688"/>
  <testcase classname="day1.PriceAuthinticationTest" name="login" time="2.536"/>
  <testcase classname="day1.PriceAuthinticationTest" name="selectProject" time="24.043"/>
  <testcase classname="day1.PriceAuthinticationTest" name="closePopup" time="1.717"/>
  <testcase classname="day1.PriceAuthinticationTest" name="price" time="0.146"/>
  <testcase classname="day1.PriceAuthinticationTest" name="campCreationAuthintecationTest" time="31.886"/>
  <testcase classname="day1.PriceAuthinticationTest" name="clickOnDashBoard" time="0.27"/>
  <testcase classname="day1.PriceAuthinticationTest" name="priceAfterCamp" time="36.011"/>
  <testcase classname="day1.PriceAuthinticationTest" name="marketingCharges" time="15.424"/>
  <testcase classname="day1.PriceMarketingTest" name="login" time="2.534"/>
  <testcase classname="day1.PriceMarketingTest" name="selectProject" time="11.856"/>
  <testcase classname="day1.PriceMarketingTest" name="closePopup" time="2.086"/>
  <testcase classname="day1.PriceMarketingTest" name="price" time="0.177"/>
  <testcase classname="day1.PriceMarketingTest" name="CampaignFromPriceMarketing" time="36.635"/>
  <testcase classname="day1.PriceMarketingTest" name="clickOnDashBoard" time="3.93"/>
  <testcase classname="day1.PriceMarketingTest" name="priceAfterCamp" time="47.713"/>
  <testcase classname="day1.PriceMarketingTest" name="marketingCharges" time="129.237"/>
</testsuite> <!-- OrderedTest -->
