<?xml version="1.0" encoding="UTF-8"?>
<testng-results ignored="0" total="3" passed="3" failed="0" skipped="0">
  <reporter-output>
  </reporter-output>
  <suite started-at="2024-12-02T16:21:02 IST" name="Suite" finished-at="2024-12-02T16:22:23 IST" duration-ms="80420">
    <groups>
    </groups>
    <test started-at="2024-12-02T16:21:02 IST" name="chrome" finished-at="2024-12-02T16:21:22 IST" duration-ms="19740">
      <class name="aiSensyTest.LoginPageTest">
        <test-method is-config="true" signature="setup(java.lang.String,java.lang.String)[pri:0, instance:aiSensyTest.LoginPageTest@138fe6ec]" started-at="2024-12-02T16:21:02 IST" name="setup" finished-at="2024-12-02T16:21:11 IST" duration-ms="8686" status="PASS">
          <params>
            <param index="0">
              <value>
                <![CDATA[Windows]]>
              </value>
            </param>
            <param index="1">
              <value>
                <![CDATA[chrome]]>
              </value>
            </param>
          </params>
          <reporter-output>
          </reporter-output>
        </test-method> <!-- setup -->
        <test-method signature="login()[pri:0, instance:aiSensyTest.LoginPageTest@138fe6ec]" started-at="2024-12-02T16:21:11 IST" name="login" finished-at="2024-12-02T16:21:20 IST" duration-ms="8668" status="PASS">
          <reporter-output>
          </reporter-output>
        </test-method> <!-- login -->
        <test-method is-config="true" signature="tearDown()[pri:0, instance:aiSensyTest.LoginPageTest@138fe6ec]" started-at="2024-12-02T16:21:20 IST" name="tearDown" finished-at="2024-12-02T16:21:22 IST" duration-ms="2289" status="PASS">
          <reporter-output>
          </reporter-output>
        </test-method> <!-- tearDown -->
      </class> <!-- aiSensyTest.LoginPageTest -->
    </test> <!-- chrome -->
    <test started-at="2024-12-02T16:21:22 IST" name="edge" finished-at="2024-12-02T16:21:37 IST" duration-ms="15463">
      <class name="aiSensyTest.LoginPageTest">
        <test-method is-config="true" signature="setup(java.lang.String,java.lang.String)[pri:0, instance:aiSensyTest.LoginPageTest@182f1e9a]" started-at="2024-12-02T16:21:22 IST" name="setup" finished-at="2024-12-02T16:21:31 IST" duration-ms="8918" status="PASS">
          <params>
            <param index="0">
              <value>
                <![CDATA[Windows]]>
              </value>
            </param>
            <param index="1">
              <value>
                <![CDATA[edge]]>
              </value>
            </param>
          </params>
          <reporter-output>
          </reporter-output>
        </test-method> <!-- setup -->
        <test-method signature="login()[pri:0, instance:aiSensyTest.LoginPageTest@182f1e9a]" started-at="2024-12-02T16:21:31 IST" name="login" finished-at="2024-12-02T16:21:34 IST" duration-ms="3485" status="PASS">
          <reporter-output>
          </reporter-output>
        </test-method> <!-- login -->
        <test-method is-config="true" signature="tearDown()[pri:0, instance:aiSensyTest.LoginPageTest@182f1e9a]" started-at="2024-12-02T16:21:34 IST" name="tearDown" finished-at="2024-12-02T16:21:37 IST" duration-ms="3049" status="PASS">
          <reporter-output>
          </reporter-output>
        </test-method> <!-- tearDown -->
      </class> <!-- aiSensyTest.LoginPageTest -->
    </test> <!-- edge -->
    <test started-at="2024-12-02T16:21:37 IST" name="firefox" finished-at="2024-12-02T16:22:23 IST" duration-ms="45184">
      <class name="aiSensyTest.LoginPageTest">
        <test-method is-config="true" signature="setup(java.lang.String,java.lang.String)[pri:0, instance:aiSensyTest.LoginPageTest@660e9100]" started-at="2024-12-02T16:21:37 IST" name="setup" finished-at="2024-12-02T16:22:16 IST" duration-ms="38797" status="PASS">
          <params>
            <param index="0">
              <value>
                <![CDATA[Windows]]>
              </value>
            </param>
            <param index="1">
              <value>
                <![CDATA[firefox]]>
              </value>
            </param>
          </params>
          <reporter-output>
          </reporter-output>
        </test-method> <!-- setup -->
        <test-method signature="login()[pri:0, instance:aiSensyTest.LoginPageTest@660e9100]" started-at="2024-12-02T16:22:16 IST" name="login" finished-at="2024-12-02T16:22:20 IST" duration-ms="3334" status="PASS">
          <reporter-output>
          </reporter-output>
        </test-method> <!-- login -->
        <test-method is-config="true" signature="tearDown()[pri:0, instance:aiSensyTest.LoginPageTest@660e9100]" started-at="2024-12-02T16:22:20 IST" name="tearDown" finished-at="2024-12-02T16:22:23 IST" duration-ms="3045" status="PASS">
          <reporter-output>
          </reporter-output>
        </test-method> <!-- tearDown -->
      </class> <!-- aiSensyTest.LoginPageTest -->
    </test> <!-- firefox -->
  </suite> <!-- Suite -->
</testng-results>
