<?xml version="1.0" encoding="UTF-8"?>
<!-- Generated by org.testng.reporters.JUnitReportReporter -->
<testsuite hostname="vikash" failures="0" tests="8" name="day1.PriceAuthinticationTest" time="112.033" errors="0" timestamp="2025-08-05T12:33:39 IST" skipped="0">
  <testcase classname="day1.PriceAuthinticationTest" name="login" time="2.536"/>
  <testcase classname="day1.PriceAuthinticationTest" name="selectProject" time="24.043"/>
  <testcase classname="day1.PriceAuthinticationTest" name="closePopup" time="1.717"/>
  <testcase classname="day1.PriceAuthinticationTest" name="price" time="0.146"/>
  <testcase classname="day1.PriceAuthinticationTest" name="campCreationAuthintecationTest" time="31.886"/>
  <testcase classname="day1.PriceAuthinticationTest" name="clickOnDashBoard" time="0.270"/>
  <testcase classname="day1.PriceAuthinticationTest" name="priceAfterCamp" time="36.011"/>
  <testcase classname="day1.PriceAuthinticationTest" name="marketingCharges" time="15.424"/>
</testsuite> <!-- day1.PriceAuthinticationTest -->
