<?xml version="1.0" encoding="UTF-8"?>
<!-- Generated by org.testng.reporters.JUnitReportReporter -->
<testsuite hostname="vikash" failures="0" tests="8" name="day1.PriceAuthinticationAndUtilityTest" time="94.214" errors="0" timestamp="2025-08-04T19:20:25 IST" skipped="0">
  <testcase classname="day1.PriceAuthinticationAndUtilityTest" name="login" time="2.470"/>
  <testcase classname="day1.PriceAuthinticationAndUtilityTest" name="selectProject" time="8.785"/>
  <testcase classname="day1.PriceAuthinticationAndUtilityTest" name="closePopup" time="1.912"/>
  <testcase classname="day1.PriceAuthinticationAndUtilityTest" name="price" time="0.142"/>
  <testcase classname="day1.PriceAuthinticationAndUtilityTest" name="campCreationAuthintecationTest" time="32.444"/>
  <testcase classname="day1.PriceAuthinticationAndUtilityTest" name="clickOnDashBoard" time="0.260"/>
  <testcase classname="day1.PriceAuthinticationAndUtilityTest" name="priceAfterCamp" time="36.339"/>
  <testcase classname="day1.PriceAuthinticationAndUtilityTest" name="marketingCharges" time="11.862"/>
</testsuite> <!-- day1.PriceAuthinticationAndUtilityTest -->
