<?xml version="1.0" encoding="UTF-8"?>
<!-- Generated by org.testng.reporters.JUnitReportReporter -->
<testsuite hostname="vikash" failures="0" tests="8" name="day1.PriceUtilityTest" time="118.947" errors="0" timestamp="2025-08-05T12:33:39 IST" skipped="0">
  <testcase classname="day1.PriceUtilityTest" name="login" time="2.457"/>
  <testcase classname="day1.PriceUtilityTest" name="selectProject" time="30.498"/>
  <testcase classname="day1.PriceUtilityTest" name="closePopup" time="1.841"/>
  <testcase classname="day1.PriceUtilityTest" name="price" time="0.063"/>
  <testcase classname="day1.PriceUtilityTest" name="campCreationUtilityTest" time="29.965"/>
  <testcase classname="day1.PriceUtilityTest" name="clickOnDashBoard" time="0.218"/>
  <testcase classname="day1.PriceUtilityTest" name="priceAfterCamp" time="39.217"/>
  <testcase classname="day1.PriceUtilityTest" name="marketingCharges" time="14.688"/>
</testsuite> <!-- day1.PriceUtilityTest -->
