<?xml version="1.0" encoding="UTF-8"?>
<!-- Generated by org.testng.reporters.JUnitReportReporter -->
<testsuite hostname="vikash" failures="0" tests="8" name="day1.priceTestPage" time="90.795" errors="0" timestamp="2025-08-04T17:10:52 IST" skipped="0">
  <testcase classname="day1.priceTestPage" name="login" time="2.492"/>
  <testcase classname="day1.priceTestPage" name="selectProject" time="8.274"/>
  <testcase classname="day1.priceTestPage" name="closePopup" time="1.882"/>
  <testcase classname="day1.priceTestPage" name="price" time="0.124"/>
  <testcase classname="day1.priceTestPage" name="CampaignFromPrice" time="29.757"/>
  <testcase classname="day1.priceTestPage" name="clickOnDashBoard" time="0.271"/>
  <testcase classname="day1.priceTestPage" name="priceAfterCamp" time="36.223"/>
  <testcase classname="day1.priceTestPage" name="marketingCharges" time="11.772"/>
</testsuite> <!-- day1.priceTestPage -->
