<?xml version="1.0" encoding="UTF-8"?>
<!-- Generated by org.testng.reporters.JUnitReportReporter -->
<testsuite hostname="Vikash" failures="0" tests="3" name="aiSensyTest.LoginPageTest" time="15.487" errors="0" timestamp="2024-12-02T16:22:23 IST" skipped="0">
  <testcase classname="aiSensyTest.LoginPageTest" name="login" time="3.334"/>
  <testcase classname="aiSensyTest.LoginPageTest" name="login" time="3.485"/>
  <testcase classname="aiSensyTest.LoginPageTest" name="login" time="8.668"/>
</testsuite> <!-- aiSensyTest.LoginPageTest -->
